Fri Oct 28 20:53:22 BRST 2016 : Leoquina logou no Sistema!

Fri Oct 28 20:53:24 BRST 2016 : Cadastrou Professor

Fri Oct 28 21:05:09 BRST 2016 : Leoquina logou no Sistema!
Fri Oct 28 21:05:12 BRST 2016 : Cadastrou Professor

Fri Oct 28 21:05:43 BRST 2016 : Leoquina logou no Sistema!
Fri Oct 28 21:06:18 BRST 2016 : Cadastrou Professor

Fri Oct 28 21:06:54 BRST 2016 : Leoquina logou no Sistema!
Fri Oct 28 21:07:02 BRST 2016 : Cadastrou Professor

Fri Oct 28 21:19:30 BRST 2016 : Anderson logou no Sistema!
Fri Oct 28 21:19:37 BRST 2016 : Abriu cadastro Aluno!
Fri Oct 28 21:19:40 BRST 2016 : Cadastrou Aluno

 
Fri Oct 28 21:19:41 BRST 2016 : Acessou Cadastro de professor
Fri Oct 28 21:19:50 BRST 2016 : Cadastrou Professor
Fri Oct 28 21:19:53 BRST 2016 : Tentou acessor o Quiz
Fri Oct 28 21:19:54 BRST 2016 : Clicou em Sobre
Fri Oct 28 21:19:57 BRST 2016 : Acessou Cadastro de Questões
Fri Oct 28 21:25:21 BRST 2016 : Anderson logou no Sistema! 
Fri Oct 28 21:25:23 BRST 2016 : Acessou Cadastro de professor 
Fri Oct 28 21:25:48 BRST 2016 : Cadastrou Professor 
Fri Oct 28 21:28:13 BRST 2016 : Anderson logou no Sistema! 
Fri Oct 28 21:28:15 BRST 2016 : Acessou Cadastro de professor 
Fri Oct 28 21:28:30 BRST 2016 : Cadastrou Professor 
Fri Oct 28 21:31:15 BRST 2016 : Anderson logou no Sistema! 
Fri Oct 28 21:31:18 BRST 2016 : Acessou Cadastro de professor 
Fri Oct 28 21:31:42 BRST 2016 : Anderson logou no Sistema! 
Fri Oct 28 21:31:45 BRST 2016 : Acessou Cadastro de professor 
Fri Oct 28 21:32:11 BRST 2016 : Cadastrou Professor 
Fri Oct 28 21:35:25 BRST 2016 : Anderson logou no Sistema! 
Fri Oct 28 21:35:26 BRST 2016 : Acessou Cadastro de professor 
Fri Oct 28 21:35:51 BRST 2016 : Cadastrou Professor 
Fri Oct 28 21:36:26 BRST 2016 : Anderson logou no Sistema! 
Fri Oct 28 21:36:28 BRST 2016 : Acessou Cadastro de professor 
Fri Oct 28 21:36:51 BRST 2016 : Cadastrou Professor 
Fri Oct 28 21:38:39 BRST 2016 : Anderson logou no Sistema! 
Fri Oct 28 21:38:41 BRST 2016 : Acessou Cadastro de professor 
Fri Oct 28 21:39:15 BRST 2016 : Cadastrou Professor 
Fri Oct 28 21:40:50 BRST 2016 : Anderson logou no Sistema! 
Fri Oct 28 21:40:53 BRST 2016 : Acessou Cadastro de professor 
Fri Oct 28 21:41:15 BRST 2016 : Cadastrou Professor 
Fri Oct 28 21:47:23 BRST 2016 : Anderson logou no Sistema! 
Fri Oct 28 21:47:54 BRST 2016 : Acessou Cadastro de professor 
Fri Oct 28 21:48:45 BRST 2016 : Cadastrou Professor 
Tue Nov 01 19:53:49 BRST 2016 : Anderson logou no Sistema! 
Tue Nov 01 19:53:51 BRST 2016 : Abriu cadastro Aluno! 
Tue Nov 01 19:53:52 BRST 2016 : Acessou Cadastro de professor 
Tue Nov 01 19:54:45 BRST 2016 : Cadastrou Professor 
Tue Nov 01 19:55:02 BRST 2016 : Anderson logou no Sistema! 
Tue Nov 01 19:55:04 BRST 2016 : Acessou Cadastro de professor 
Tue Nov 01 19:55:11 BRST 2016 : Cadastrou Professor 
Tue Nov 01 19:56:08 BRST 2016 : Abriu cadastro Aluno! 
Tue Nov 01 19:56:09 BRST 2016 : Abriu cadastro Aluno! 
Tue Nov 01 19:56:10 BRST 2016 : Acessou Cadastro de professor 
Tue Nov 01 19:56:22 BRST 2016 : Cadastrou Professor 
Tue Nov 01 20:08:02 BRST 2016 : Anderson logou no Sistema! 
Tue Nov 01 20:08:03 BRST 2016 : Abriu cadastro Aluno! 
Tue Nov 01 20:08:16 BRST 2016 : Cadastrou Aluno 
Tue Nov 01 20:15:21 BRST 2016 : Anderson logou no Sistema! 
Tue Nov 01 20:15:23 BRST 2016 : Abriu cadastro Aluno! 
Tue Nov 01 20:15:37 BRST 2016 : Cadastrou Aluno 
Tue Nov 01 20:16:45 BRST 2016 : Anderson logou no Sistema! 
Tue Nov 01 20:16:46 BRST 2016 : Abriu cadastro Aluno! 
Tue Nov 01 20:16:51 BRST 2016 : Cadastrou Aluno 
Tue Nov 01 20:20:17 BRST 2016 : Joaquinaldison logou no Sistema! 
Tue Nov 01 20:20:19 BRST 2016 : Abriu cadastro Aluno! 
Tue Nov 01 20:20:35 BRST 2016 : Cadastrou Aluno 
Tue Nov 01 20:20:37 BRST 2016 : Acessou Cadastro de professor 
Tue Nov 01 20:20:49 BRST 2016 : Cadastrou Professor 
Tue Nov 01 20:20:52 BRST 2016 : Abriu cadastro Aluno! 
Tue Nov 01 20:21:11 BRST 2016 : Cadastrou Aluno 
Tue Nov 01 20:23:24 BRST 2016 : Joaquinaldison logou no Sistema! 
Tue Nov 01 20:23:47 BRST 2016 : Acessou Cadastro de professor 
Tue Nov 01 20:23:55 BRST 2016 : Cadastrou Professor 
Tue Nov 01 20:23:58 BRST 2016 : Acessou Cadastro de professor 
Tue Nov 01 20:24:09 BRST 2016 : Cadastrou Professor 
Tue Nov 01 20:24:11 BRST 2016 : Abriu cadastro Aluno! 
Tue Nov 01 20:24:24 BRST 2016 : Cadastrou Aluno 
Tue Nov 01 20:24:26 BRST 2016 : Acessou Cadastro de professor 
Tue Nov 01 20:24:37 BRST 2016 : Cadastrou Professor 
Fri Nov 04 15:37:22 BRST 2016 : Joaquinaldison logou no Sistema! 
Fri Nov 04 15:37:24 BRST 2016 : Tentou acessor o Quiz 
Fri Nov 04 15:37:25 BRST 2016 : Acessou Cadastro de professor 
Fri Nov 04 15:37:27 BRST 2016 : Acessou Cadastro de Questões 
Fri Nov 04 15:39:23 BRST 2016 : Cadastrou Professor 
Fri Nov 04 15:41:45 BRST 2016 : Joaquinaldison logou no Sistema! 
Fri Nov 04 15:41:46 BRST 2016 : Acessou Cadastro de Questões 
Fri Nov 04 15:42:45 BRST 2016 : Cadastrou Professor 
Fri Nov 04 15:45:06 BRST 2016 : Joaquinaldison logou no Sistema! 
Fri Nov 04 15:45:08 BRST 2016 : Acessou Cadastro de Questões 
Fri Nov 04 15:46:45 BRST 2016 : Joaquinaldison logou no Sistema! 
Fri Nov 04 15:46:47 BRST 2016 : Acessou Cadastro de Questões 
Fri Nov 04 15:47:08 BRST 2016 : Cadastrou Professor 
Fri Nov 04 16:09:31 BRST 2016 : Joaquinaldison logou no Sistema! 
Fri Nov 04 16:09:32 BRST 2016 : Tentou acessor o Quiz 
Fri Nov 04 16:13:11 BRST 2016 : Joaquinaldison logou no Sistema! 
Fri Nov 04 16:13:12 BRST 2016 : Tentou acessor o Quiz 
Fri Nov 04 16:13:14 BRST 2016 : Tentou acessor o Quiz 
Fri Nov 04 18:51:45 BRST 2016 : Joaquinaldison logou no Sistema! 
Fri Nov 04 18:51:49 BRST 2016 : Abriu cadastro Aluno! 
Fri Nov 04 18:52:09 BRST 2016 : Cadastrou Aluno 
Fri Nov 04 18:52:12 BRST 2016 : Tentou acessor o Quiz 
Fri Nov 04 18:52:13 BRST 2016 : Clicou em Sobre 
Fri Nov 04 18:55:37 BRST 2016 : Joaquinaldison logou no Sistema! 
Fri Nov 04 18:55:40 BRST 2016 : Acessou Cadastro de Questões 
Fri Nov 04 18:55:53 BRST 2016 : Tentou acessor o Quiz 
Fri Nov 04 18:55:54 BRST 2016 : Tentou acessor o Quiz 
Fri Nov 04 18:55:55 BRST 2016 : Tentou acessor o Quiz 
Fri Nov 04 18:55:57 BRST 2016 : Acessou Cadastro de Questões 
Fri Nov 04 18:59:05 BRST 2016 : Joaquinaldison logou no Sistema! 
Fri Nov 04 18:59:07 BRST 2016 : Tentou acessor o Quiz 
Fri Nov 04 18:59:14 BRST 2016 : Tentou acessor o Quiz 
Fri Nov 04 18:59:21 BRST 2016 : Acessou Cadastro de Questões 
Fri Nov 04 19:04:23 BRST 2016 : Joaquinaldison logou no Sistema! 
Fri Nov 04 19:05:00 BRST 2016 : Clicou em Sobre 
Fri Nov 04 19:05:03 BRST 2016 : Acessou o Quiz 
Fri Nov 11 20:45:17 BRST 2016 : Donald Thumph logou no Sistema! 
Fri Nov 11 20:45:31 BRST 2016 : Abriu cadastro Aluno! 
Fri Nov 11 20:53:58 BRST 2016 : Donald Thumph logou no Sistema! 
Fri Nov 11 20:53:59 BRST 2016 : Abriu cadastro Aluno! 
Fri Nov 11 21:12:02 BRST 2016 : Donald Thumph logou no Sistema! 
Fri Nov 11 21:12:04 BRST 2016 : Abriu cadastro Aluno! 
Fri Nov 11 21:25:53 BRST 2016 : Donald Thumph logou no Sistema! 
Fri Nov 11 21:25:54 BRST 2016 : Abriu cadastro Aluno! 
Fri Nov 11 21:26:35 BRST 2016 : Donald Thumph logou no Sistema! 
Fri Nov 11 21:26:36 BRST 2016 : Abriu cadastro Aluno! 
Fri Nov 11 21:32:25 BRST 2016 : Admin logou no Sistema! 
Fri Nov 11 21:32:27 BRST 2016 : Abriu cadastro Aluno! 
Fri Nov 11 21:32:28 BRST 2016 : Acessou Cadastro de Questões 
Fri Nov 18 19:29:37 BRST 2016 : Admin logou no Sistema! 
Fri Nov 18 19:31:07 BRST 2016 : Admin logou no Sistema! 
Fri Nov 18 19:31:40 BRST 2016 : Admin logou no Sistema! 
Fri Nov 18 19:38:45 BRST 2016 : Admin logou no Sistema! 
Fri Nov 18 19:40:02 BRST 2016 : Admin logou no Sistema! 
Fri Nov 18 19:40:25 BRST 2016 : Admin logou no Sistema! 
Fri Nov 18 19:40:35 BRST 2016 : Admin logou no Sistema! 
Fri Nov 18 19:40:37 BRST 2016 : Abriu cadastro Aluno! 
Fri Nov 18 19:40:39 BRST 2016 : Acessou Cadastro de professor 
Fri Nov 18 19:40:41 BRST 2016 : Acessou Cadastro de Questões 
Fri Nov 18 19:40:43 BRST 2016 : Acessou o Quiz 
Fri Nov 18 19:40:45 BRST 2016 : Clicou em Sobre 
Fri Nov 18 19:43:30 BRST 2016 : Admin logou no Sistema! 
Fri Nov 18 19:47:22 BRST 2016 : Admin logou no Sistema! 
Fri Nov 18 19:51:38 BRST 2016 : Admin logou no Sistema! 
Fri Nov 18 19:55:08 BRST 2016 : Admin logou no Sistema! 
Fri Nov 18 19:55:10 BRST 2016 : Clicou em Iniciar Questoes 
Fri Nov 18 19:58:58 BRST 2016 : Admin logou no Sistema! 
Fri Nov 18 19:59:00 BRST 2016 : Clicou em Iniciar Questoes 
Fri Nov 18 20:00:20 BRST 2016 : Abriu cadastro Aluno! 
Fri Nov 18 20:03:54 BRST 2016 : Admin logou no Sistema! 
Fri Nov 18 20:03:56 BRST 2016 : Acessou Cadastro de professor 
Fri Nov 18 20:05:48 BRST 2016 : Clicou em Iniciar Questoes 
Fri Nov 18 20:10:44 BRST 2016 : Admin logou no Sistema! 
Fri Nov 18 20:10:46 BRST 2016 : Clicou em Iniciar Questoes 
Fri Nov 18 20:28:29 BRST 2016 : Admin logou no Sistema! 
Fri Nov 18 20:28:31 BRST 2016 : Clicou em Consultar Professor
Fri Nov 18 20:35:14 BRST 2016 : Admin logou no Sistema! 
Fri Nov 18 20:35:16 BRST 2016 : Clicou em Consultar Professor
Fri Nov 18 20:35:30 BRST 2016 : Acessou Cadastro de professor 
Fri Nov 18 20:36:51 BRST 2016 : Clicou em Consultar Professor
Fri Nov 18 20:37:01 BRST 2016 : Abriu cadastro Aluno! 
Fri Nov 18 20:37:05 BRST 2016 : Clicou em Iniciar Questoes 
Fri Nov 18 20:37:13 BRST 2016 : Abriu cadastro Aluno! 
Fri Nov 18 20:38:31 BRST 2016 : Clicou em Iniciar Questoes 
Fri Nov 18 20:49:19 BRST 2016 : Admin logou no Sistema! 
Fri Nov 18 20:49:21 BRST 2016 : Clicou em Consultar Questoes 
Fri Nov 18 21:00:33 BRST 2016 : Admin logou no Sistema! 
Fri Nov 18 21:00:35 BRST 2016 : Clicou em Consultar Questoes 
Fri Nov 18 21:21:45 BRST 2016 : Admin logou no Sistema! 
Fri Nov 18 21:21:48 BRST 2016 : Clicou em Consultar Questoes 
Fri Nov 18 21:26:15 BRST 2016 : Admin logou no Sistema! 
Fri Nov 18 21:26:17 BRST 2016 : Clicou em Consultar Questoes 
Fri Nov 18 21:27:05 BRST 2016 : Admin logou no Sistema! 
Fri Nov 18 21:27:08 BRST 2016 : Clicou em Consultar Questoes 
Fri Nov 18 21:28:49 BRST 2016 : Admin logou no Sistema! 
Fri Nov 18 21:28:51 BRST 2016 : Clicou em Consultar Professor
Fri Nov 18 21:28:54 BRST 2016 : Clicou em Consultar Questoes 
Fri Nov 18 21:29:57 BRST 2016 : Admin logou no Sistema! 
Fri Nov 18 21:29:59 BRST 2016 : Clicou em Consultar Questoes 
Fri Nov 18 21:33:11 BRST 2016 : Admin logou no Sistema! 
Fri Nov 18 21:33:13 BRST 2016 : Clicou em Consultar Questoes 
Fri Nov 18 21:45:20 BRST 2016 : Admin logou no Sistema! 
Fri Nov 18 21:45:23 BRST 2016 : Clicou em Consultar Questoes 
Fri Nov 18 21:47:50 BRST 2016 : Admin logou no Sistema! 
Fri Nov 18 21:47:52 BRST 2016 : Clicou em Consultar Questoes 
Fri Nov 18 21:50:16 BRST 2016 : Admin logou no Sistema! 
Fri Nov 18 21:50:19 BRST 2016 : Clicou em Consultar Questoes 
Sat Nov 19 18:06:40 BRST 2016 : Admin logou no Sistema! 
Sat Nov 19 18:38:20 BRST 2016 : Admin logou no Sistema! 
Sat Nov 19 18:38:22 BRST 2016 : Acessou o Quiz 
Sat Nov 19 18:38:44 BRST 2016 : Clicou em Sobre 
Sat Nov 19 18:38:48 BRST 2016 : Acessou o Quiz 
Sat Nov 19 20:37:37 BRST 2016 : Admin logou no Sistema! 
Sat Nov 19 20:37:39 BRST 2016 : Clicou em Iniciar Questoes 
Sat Nov 19 20:56:54 BRST 2016 : Admin logou no Sistema! 
Sat Nov 19 20:56:56 BRST 2016 : Clicou em Consultar Questoes 
Mon Nov 21 16:04:31 BRST 2016 : Admin logou no Sistema! 
Mon Nov 21 16:04:34 BRST 2016 : Clicou em Consultar Professor
Mon Nov 21 18:57:43 BRST 2016 : Admin logou no Sistema! 
Mon Nov 21 18:57:59 BRST 2016 : Clicou em Consultar Professor
Mon Nov 21 18:59:58 BRST 2016 : Admin logou no Sistema! 
Mon Nov 21 19:00:05 BRST 2016 : Clicou em Iniciar Questoes 
Mon Nov 21 19:00:19 BRST 2016 : Clicou em Consultar Questoes 
Mon Nov 21 19:00:31 BRST 2016 : Clicou em Iniciar Questoes 
Mon Nov 21 19:22:57 BRST 2016 : Admin logou no Sistema! 
Mon Nov 21 19:23:00 BRST 2016 : Clicou em Consultar Professor
Tue Nov 22 19:13:36 BRST 2016 : Admin logou no Sistema! 
Tue Nov 22 19:13:38 BRST 2016 : Clicou em Iniciar Questoes 
Tue Nov 22 19:14:10 BRST 2016 : Clicou em Consultar Professor
Tue Nov 22 19:16:04 BRST 2016 : Admin logou no Sistema! 
Tue Nov 22 19:16:06 BRST 2016 : Clicou em Iniciar Questoes 
Tue Nov 22 19:20:47 BRST 2016 : Admin logou no Sistema! 
Tue Nov 22 19:20:48 BRST 2016 : Clicou em Iniciar Questoes 
Tue Nov 22 20:41:10 BRST 2016 : Admin logou no Sistema! 
Tue Nov 22 20:41:12 BRST 2016 : Clicou em Iniciar Questoes 
Tue Nov 22 20:42:15 BRST 2016 : Admin logou no Sistema! 
Tue Nov 22 20:42:17 BRST 2016 : Clicou em Consultar Questoes 
Tue Nov 22 20:48:33 BRST 2016 : Admin logou no Sistema! 
Tue Nov 22 20:48:37 BRST 2016 : Clicou em Consultar Questoes 
Tue Nov 22 20:59:04 BRST 2016 : Admin logou no Sistema! 
Tue Nov 22 20:59:06 BRST 2016 : Clicou em Consultar Questoes 
Tue Nov 22 21:09:19 BRST 2016 : Admin logou no Sistema! 
Tue Nov 22 21:09:21 BRST 2016 : Clicou em Consultar Questoes 
Tue Nov 22 21:09:45 BRST 2016 : Clicou em Consultar Questoes 
Tue Nov 22 21:10:03 BRST 2016 : Clicou em Consultar Questoes 
Tue Nov 22 21:13:16 BRST 2016 : Clicou em Consultar Professor
Tue Nov 22 21:14:09 BRST 2016 : Clicou em Consultar Questoes 
Tue Nov 22 21:14:15 BRST 2016 : Clicou em Consultar Professor
Tue Nov 22 21:14:22 BRST 2016 : Clicou em Consultar Questoes 
Tue Nov 22 21:14:25 BRST 2016 : Clicou em Consultar Professor
Tue Nov 22 21:14:28 BRST 2016 : Clicou em Iniciar Questoes 
Tue Nov 22 21:19:23 BRST 2016 : Admin logou no Sistema! 
Tue Nov 22 21:19:25 BRST 2016 : Clicou em Iniciar Questoes 
Tue Nov 22 21:19:30 BRST 2016 : Clicou em Consultar Professor
Tue Nov 22 21:19:38 BRST 2016 : Clicou em Consultar Questoes 
Tue Nov 22 21:20:01 BRST 2016 : Clicou em Consultar Questoes 
Tue Nov 22 21:24:02 BRST 2016 : Admin logou no Sistema! 
Tue Nov 22 21:24:03 BRST 2016 : Clicou em Consultar Questoes 
Tue Nov 22 21:24:55 BRST 2016 : Admin logou no Sistema! 
Tue Nov 22 21:24:56 BRST 2016 : Clicou em Consultar Questoes 
Tue Nov 22 21:35:14 BRST 2016 : Admin logou no Sistema! 
Tue Nov 22 21:35:16 BRST 2016 : Clicou em Consultar Questoes 
Tue Nov 22 21:47:32 BRST 2016 : Admin logou no Sistema! 
Tue Nov 22 21:47:34 BRST 2016 : Clicou em Consultar Questoes 
Tue Nov 22 21:49:29 BRST 2016 : Admin logou no Sistema! 
Tue Nov 22 21:49:31 BRST 2016 : Clicou em Consultar Questoes 
Tue Nov 22 21:51:57 BRST 2016 : Admin logou no Sistema! 
Tue Nov 22 21:51:59 BRST 2016 : Clicou em Consultar Questoes 
Wed Nov 23 15:43:43 BRST 2016 : Admin logou no Sistema! 
Wed Nov 23 21:12:21 BRST 2016 : Admin logou no Sistema! 
Wed Nov 23 21:12:26 BRST 2016 : Clicou em Consultar Questoes 
Fri Nov 25 02:05:08 BRST 2016 : Acessou o Quiz 
Fri Nov 25 02:09:13 BRST 2016 : Acessou o Quiz 
Fri Nov 25 14:29:11 BRST 2016 : Clicou em Consultar Questoes 
Fri Nov 25 14:33:05 BRST 2016 : Clicou em Consultar Questoes 
Fri Nov 25 14:35:32 BRST 2016 : Clicou em Consultar Questoes 
Fri Nov 25 14:38:57 BRST 2016 : Clicou em Consultar Professor
Fri Nov 25 14:38:59 BRST 2016 : Clicou em Consultar Questoes 
Fri Nov 25 14:39:34 BRST 2016 : Clicou em Consultar Professor
Fri Nov 25 14:39:41 BRST 2016 : Clicou em Consultar Questoes 
Fri Nov 25 14:39:49 BRST 2016 : Acessou o Quiz 
Fri Nov 25 14:39:54 BRST 2016 : Clicou em Consultar Questoes 
Fri Nov 25 14:43:25 BRST 2016 : Clicou em Consultar Questoes 
Fri Nov 25 14:43:36 BRST 2016 : Clicou em Iniciar Questoes 
Fri Nov 25 14:46:18 BRST 2016 : Clicou em Iniciar Questoes 
Fri Nov 25 14:46:33 BRST 2016 : Clicou em Consultar Professor
Fri Nov 25 14:46:39 BRST 2016 : Clicou em Consultar Questoes 
Fri Nov 25 14:49:41 BRST 2016 : Clicou em Iniciar Questoes 
Fri Nov 25 14:54:19 BRST 2016 : Clicou em Consultar Professor
Fri Nov 25 14:56:56 BRST 2016 : Clicou em Iniciar Questoes 
Fri Nov 25 15:22:58 BRST 2016 : Clicou em Iniciar Questoes 
Fri Nov 25 15:23:38 BRST 2016 : Clicou em Consultar Professor
Fri Nov 25 15:24:17 BRST 2016 : Clicou em Iniciar Questoes 
Fri Nov 25 15:28:14 BRST 2016 : Clicou em Consultar Questoes 
Fri Nov 25 15:31:46 BRST 2016 : Clicou em Consultar Professor
Fri Nov 25 15:31:54 BRST 2016 : Clicou em Iniciar Questoes 
Fri Nov 25 15:58:49 BRST 2016 : Clicou em Iniciar Questoes 
Fri Nov 25 15:59:08 BRST 2016 : Clicou em Consultar Professor
Fri Nov 25 15:59:24 BRST 2016 : Clicou em Consultar Questoes 
Fri Nov 25 16:09:13 BRST 2016 : Clicou em Consultar Professor
Fri Nov 25 16:11:57 BRST 2016 : Clicou em Iniciar Questoes 
Fri Nov 25 16:12:46 BRST 2016 : Clicou em Iniciar Questoes 
Fri Nov 25 16:13:46 BRST 2016 : Clicou em Iniciar Questoes 
Fri Nov 25 16:16:04 BRST 2016 : Clicou em Iniciar Questoes 
Fri Nov 25 16:26:40 BRST 2016 : Clicou em Consultar Professor
Fri Nov 25 16:40:58 BRST 2016 : Acessou o Quiz 
Fri Nov 25 16:43:10 BRST 2016 : Acessou o Quiz 
Fri Nov 25 16:44:52 BRST 2016 : Acessou o Quiz 
Fri Nov 25 16:47:58 BRST 2016 : Acessou o Quiz 
Fri Nov 25 16:52:04 BRST 2016 : Acessou o Quiz 
Fri Nov 25 16:53:06 BRST 2016 : Acessou o Quiz 
Fri Nov 25 18:43:14 BRST 2016 : Clicou em Consultar Questoes 
Fri Nov 25 19:14:02 BRST 2016 : Abriu cadastro Aluno! 
Fri Nov 25 19:44:59 BRST 2016 : Danrlei logou no Sistema! 
Fri Nov 25 19:59:49 BRST 2016 : Admin logou no Sistema! 
Fri Nov 25 19:59:51 BRST 2016 : Clicou em Consultar Questoes 
Fri Nov 25 20:30:41 BRST 2016 : Admin logou no Sistema! 
Fri Nov 25 20:33:37 BRST 2016 : Leoquina logou no Sistema! 
Fri Nov 25 20:33:40 BRST 2016 : Leoquina logou no Sistema! 
Fri Nov 25 20:33:56 BRST 2016 : Leoquina logou no Sistema! 
Fri Nov 25 20:34:39 BRST 2016 : Anderson logou no Sistema! 
Fri Nov 25 20:34:43 BRST 2016 : Anderson logou no Sistema! 
Fri Nov 25 20:34:57 BRST 2016 : Anderson logou no Sistema! 
Fri Nov 25 20:36:10 BRST 2016 : Leoquina logou no Sistema! 
Fri Nov 25 20:36:16 BRST 2016 : Leoquina logou no Sistema! 
Sat Nov 26 20:13:20 BRST 2016 : Leoquina logou no Sistema! 
Sat Nov 26 20:13:21 BRST 2016 : Acessou o Quiz 
Sat Nov 26 20:18:07 BRST 2016 : Leoquina logou no Sistema! 
Sat Nov 26 20:18:09 BRST 2016 : Acessou o Quiz 
Sat Nov 26 20:18:50 BRST 2016 : Leoquina logou no Sistema! 
Sat Nov 26 20:18:52 BRST 2016 : Acessou o Quiz 
Sat Nov 26 20:46:04 BRST 2016 : Leoquina logou no Sistema! 
Sat Nov 26 20:46:06 BRST 2016 : Acessou o Quiz 
Sat Nov 26 20:47:05 BRST 2016 : Leoquina logou no Sistema! 
Sat Nov 26 20:47:06 BRST 2016 : Acessou o Quiz 
Sat Nov 26 20:53:06 BRST 2016 : Leoquina logou no Sistema! 
Sat Nov 26 20:53:07 BRST 2016 : Acessou o Quiz 
Sat Nov 26 20:54:04 BRST 2016 : Leoquina logou no Sistema! 
Sat Nov 26 20:54:05 BRST 2016 : Acessou o Quiz 
Sat Nov 26 20:55:45 BRST 2016 : Leoquina logou no Sistema! 
Sat Nov 26 20:55:47 BRST 2016 : Acessou o Quiz 
Sat Nov 26 20:56:03 BRST 2016 : Acessou o Quiz 
Sat Nov 26 20:57:51 BRST 2016 : Leoquina logou no Sistema! 
Sat Nov 26 20:57:53 BRST 2016 : Acessou o Quiz 
Sat Nov 26 21:02:32 BRST 2016 : Leoquina logou no Sistema! 
Sat Nov 26 21:02:34 BRST 2016 : Acessou o Quiz 
Sat Nov 26 21:06:16 BRST 2016 : Leoquina logou no Sistema! 
Sat Nov 26 21:06:18 BRST 2016 : Acessou o Quiz 
Sat Nov 26 21:07:34 BRST 2016 : Leoquina logou no Sistema! 
Sat Nov 26 21:07:36 BRST 2016 : Acessou o Quiz 
Sat Nov 26 21:10:03 BRST 2016 : Leoquina logou no Sistema! 
Sat Nov 26 21:10:05 BRST 2016 : Acessou o Quiz 
Sat Nov 26 21:11:36 BRST 2016 : Leoquina logou no Sistema! 
Sat Nov 26 21:11:37 BRST 2016 : Acessou o Quiz 
Sat Nov 26 21:13:02 BRST 2016 : Leoquina logou no Sistema! 
Sat Nov 26 21:13:03 BRST 2016 : Acessou o Quiz 
Sat Nov 26 21:14:36 BRST 2016 : Leoquina logou no Sistema! 
Sat Nov 26 21:14:39 BRST 2016 : Acessou o Quiz 
Sat Nov 26 21:18:33 BRST 2016 : Leoquina logou no Sistema! 
Sat Nov 26 21:18:34 BRST 2016 : Acessou o Quiz 
Sat Nov 26 21:20:04 BRST 2016 : Leoquina logou no Sistema! 
Sat Nov 26 21:20:05 BRST 2016 : Acessou o Quiz 
Sat Nov 26 21:20:36 BRST 2016 : Leoquina logou no Sistema! 
Sat Nov 26 21:20:37 BRST 2016 : Acessou o Quiz 
Sat Nov 26 21:24:29 BRST 2016 : Leoquina logou no Sistema! 
Sat Nov 26 21:24:31 BRST 2016 : Acessou o Quiz 
Sat Nov 26 21:25:33 BRST 2016 : Leoquina logou no Sistema! 
Sat Nov 26 21:25:34 BRST 2016 : Acessou o Quiz 
Sat Nov 26 21:26:20 BRST 2016 : Leoquina logou no Sistema! 
Sat Nov 26 21:26:22 BRST 2016 : Acessou o Quiz 
Sat Nov 26 21:27:39 BRST 2016 : Leoquina logou no Sistema! 
Sat Nov 26 21:27:41 BRST 2016 : Acessou o Quiz 
Sat Nov 26 21:29:42 BRST 2016 : Leoquina logou no Sistema! 
Sat Nov 26 21:29:44 BRST 2016 : Acessou o Quiz 
Sat Nov 26 22:03:08 BRST 2016 : Leoquina logou no Sistema! 
Sat Nov 26 22:03:10 BRST 2016 : Abriu cadastro Aluno! 
Sat Nov 26 22:05:41 BRST 2016 : Leoquina logou no Sistema! 
Sat Nov 26 22:05:43 BRST 2016 : Abriu cadastro Aluno! 
Sat Nov 26 22:06:10 BRST 2016 : Clicou em Iniciar Questoes 
Sat Nov 26 22:07:07 BRST 2016 : Leoquina logou no Sistema! 
Sat Nov 26 22:07:09 BRST 2016 : Abriu cadastro Aluno! 
Sat Nov 26 22:07:42 BRST 2016 : Clicou em Iniciar Questoes 
Sat Nov 26 22:07:45 BRST 2016 : Abriu cadastro Aluno! 
Sat Nov 26 22:07:49 BRST 2016 : Clicou em Iniciar Questoes 
Sat Nov 26 22:07:52 BRST 2016 : Abriu cadastro Aluno! 
Sat Nov 26 22:08:51 BRST 2016 : Admin logou no Sistema! 
Sat Nov 26 22:08:53 BRST 2016 : Abriu cadastro Aluno! 
Sat Nov 26 22:09:21 BRST 2016 : Clicou em Iniciar Questoes 
Sat Nov 26 22:09:27 BRST 2016 : Abriu cadastro Aluno! 
Sat Nov 26 22:10:50 BRST 2016 : Admin logou no Sistema! 
Sat Nov 26 22:10:55 BRST 2016 : Abriu cadastro Aluno! 
Sat Nov 26 22:11:10 BRST 2016 : Clicou em Iniciar Questoes 
Sat Nov 26 22:35:47 BRST 2016 : Admin logou no Sistema! 
Sat Nov 26 22:35:49 BRST 2016 : Abriu cadastro Aluno! 
Sat Nov 26 22:37:59 BRST 2016 : Admin logou no Sistema! 
Sat Nov 26 22:38:01 BRST 2016 : Acessou o Quiz 
Sat Nov 26 22:38:03 BRST 2016 : Abriu cadastro Aluno! 
Sat Nov 26 22:43:14 BRST 2016 : Admin logou no Sistema! 
Sat Nov 26 22:43:16 BRST 2016 : Abriu cadastro Aluno! 
Sat Nov 26 23:54:36 BRST 2016 : Admin logou no Sistema! 
Sat Nov 26 23:54:39 BRST 2016 : Acessou Cadastro de professor 
Sat Nov 26 23:54:43 BRST 2016 : Clicou em Consultar Professor
Sat Nov 26 23:54:45 BRST 2016 : Acessou Cadastro de professor 
Sat Nov 26 23:55:13 BRST 2016 : Clicou em Consultar Professor
Sun Nov 27 00:16:34 BRST 2016 : Admin logou no Sistema! 
Sun Nov 27 00:16:36 BRST 2016 : Abriu cadastro Aluno! 
Sun Nov 27 00:20:55 BRST 2016 : Admin logou no Sistema! 
Sun Nov 27 00:20:58 BRST 2016 : Abriu cadastro Aluno! 
Sun Nov 27 00:26:52 BRST 2016 : Admin logou no Sistema! 
Sun Nov 27 00:26:54 BRST 2016 : Abriu cadastro Aluno! 
Sun Nov 27 00:30:38 BRST 2016 : Admin logou no Sistema! 
Sun Nov 27 00:30:39 BRST 2016 : Abriu cadastro Aluno! 
Sun Nov 27 00:32:29 BRST 2016 : Admin logou no Sistema! 
Sun Nov 27 00:32:32 BRST 2016 : Abriu cadastro Aluno! 
Sun Nov 27 00:34:19 BRST 2016 : Admin logou no Sistema! 
Sun Nov 27 00:34:21 BRST 2016 : Abriu cadastro Aluno! 
Sun Nov 27 00:45:45 BRST 2016 : Admin logou no Sistema! 
Sun Nov 27 00:45:47 BRST 2016 : Abriu cadastro Aluno! 
Sun Nov 27 00:46:31 BRST 2016 : Abriu cadastro Aluno! 
Sun Nov 27 00:53:46 BRST 2016 : Admin logou no Sistema! 
Sun Nov 27 00:53:48 BRST 2016 : Abriu cadastro Aluno! 
Sun Nov 27 01:13:53 BRST 2016 : Admin logou no Sistema! 
Sun Nov 27 01:13:54 BRST 2016 : Abriu cadastro Aluno! 
Sun Nov 27 01:13:59 BRST 2016 : Acessou Cadastro de professor 
Sun Nov 27 01:15:02 BRST 2016 : Admin logou no Sistema! 
Sun Nov 27 01:15:04 BRST 2016 : Abriu cadastro Aluno! 
Sun Nov 27 01:15:57 BRST 2016 : Clicou em Iniciar Questoes 
Sun Nov 27 01:16:14 BRST 2016 : Clicou em Consultar Professor
Sun Nov 27 01:16:17 BRST 2016 : Clicou em Consultar Questoes 
Sun Nov 27 01:16:19 BRST 2016 : Clicou em Iniciar Questoes 
Sun Nov 27 01:16:22 BRST 2016 : Acessou o Quiz 
Sun Nov 27 01:16:28 BRST 2016 : Clicou em Sobre 
Sun Nov 27 01:16:31 BRST 2016 : Abriu cadastro Aluno! 
Sun Nov 27 01:16:33 BRST 2016 : Acessou Cadastro de professor 
Sun Nov 27 01:16:36 BRST 2016 : Abriu cadastro Aluno! 
Sun Nov 27 01:16:37 BRST 2016 : Acessou Cadastro de professor 
Sun Nov 27 01:16:39 BRST 2016 : Acessou Cadastro de professor 
Sun Nov 27 01:20:29 BRST 2016 : Admin logou no Sistema! 
Sun Nov 27 01:20:31 BRST 2016 : Abriu cadastro Aluno! 
Sun Nov 27 01:21:00 BRST 2016 : Acessou Cadastro de professor 
Sun Nov 27 01:21:23 BRST 2016 : Acessou Cadastro de Questões 
Sun Nov 27 01:33:03 BRST 2016 : Admin logou no Sistema! 
Sun Nov 27 01:33:05 BRST 2016 : Acessou Cadastro de Questões 
Sun Nov 27 01:33:20 BRST 2016 : Clicou em Consultar Questoes 
Sun Nov 27 01:55:34 BRST 2016 : Admin logou no Sistema! 
Sun Nov 27 01:55:37 BRST 2016 : Abriu cadastro Aluno! 
Sun Nov 27 01:55:46 BRST 2016 : Abriu cadastro Aluno! 
Sun Nov 27 01:56:20 BRST 2016 : Clicou em Iniciar Questoes 
Sun Nov 27 02:18:20 BRST 2016 : Admin logou no Sistema! 
Sun Nov 27 02:18:22 BRST 2016 : Clicou em Iniciar Questoes 
Sun Nov 27 02:19:24 BRST 2016 : Admin logou no Sistema! 
Sun Nov 27 02:19:26 BRST 2016 : Clicou em Iniciar Questoes 
Sun Nov 27 02:19:35 BRST 2016 : Clicou em Consultar Questoes 
Sun Nov 27 02:19:36 BRST 2016 : Clicou em Iniciar Questoes 
Sun Nov 27 02:19:40 BRST 2016 : Clicou em Iniciar Questoes 
Sun Nov 27 02:20:09 BRST 2016 : Clicou em Consultar Professor
Sun Nov 27 02:21:11 BRST 2016 : Admin logou no Sistema! 
Sun Nov 27 02:21:13 BRST 2016 : Clicou em Iniciar Questoes 
Sun Nov 27 02:21:56 BRST 2016 : Clicou em Iniciar Questoes 
Sun Nov 27 02:22:54 BRST 2016 : Admin logou no Sistema! 
Sun Nov 27 02:22:56 BRST 2016 : Clicou em Iniciar Questoes 
Sun Nov 27 02:23:16 BRST 2016 : Clicou em Consultar Questoes 
Sun Nov 27 02:37:41 BRST 2016 : Admin logou no Sistema! 
Sun Nov 27 02:37:42 BRST 2016 : Clicou em Consultar Professor
Sun Nov 27 02:38:38 BRST 2016 : Admin logou no Sistema! 
Sun Nov 27 02:38:41 BRST 2016 : Clicou em Consultar Professor
Sun Nov 27 02:38:59 BRST 2016 : Clicou em Consultar Professor
Sun Nov 27 02:39:12 BRST 2016 : Clicou em Consultar Professor
Sun Nov 27 02:41:03 BRST 2016 : Admin logou no Sistema! 
Sun Nov 27 02:41:04 BRST 2016 : Clicou em Consultar Professor
Sun Nov 27 02:41:50 BRST 2016 : Admin logou no Sistema! 
Sun Nov 27 02:41:52 BRST 2016 : Clicou em Consultar Professor
Sun Nov 27 02:44:20 BRST 2016 : Admin logou no Sistema! 
Sun Nov 27 02:44:22 BRST 2016 : Clicou em Consultar Professor
Sun Nov 27 02:44:24 BRST 2016 : Clicou em Consultar Questoes 
Sun Nov 27 03:05:46 BRST 2016 : Admin logou no Sistema! 
Sun Nov 27 03:05:48 BRST 2016 : Clicou em Consultar Questoes 
Sun Nov 27 03:07:16 BRST 2016 : Admin logou no Sistema! 
Sun Nov 27 03:07:18 BRST 2016 : Clicou em Consultar Professor
Sun Nov 27 03:07:19 BRST 2016 : Clicou em Consultar Questoes 
Sun Nov 27 03:08:10 BRST 2016 : Admin logou no Sistema! 
Sun Nov 27 03:08:12 BRST 2016 : Clicou em Consultar Questoes 
Sun Nov 27 03:11:52 BRST 2016 : Admin logou no Sistema! 
Sun Nov 27 03:11:54 BRST 2016 : Clicou em Consultar Questoes 
Sun Nov 27 03:18:16 BRST 2016 : Admin logou no Sistema! 
Sun Nov 27 03:18:34 BRST 2016 : Clicou em Iniciar Questoes 
Sun Nov 27 03:19:08 BRST 2016 : Admin logou no Sistema! 
Sun Nov 27 03:19:10 BRST 2016 : Clicou em Iniciar Questoes 
Sun Nov 27 03:20:47 BRST 2016 : Admin logou no Sistema! 
Sun Nov 27 03:20:49 BRST 2016 : Clicou em Iniciar Questoes 
Sun Nov 27 03:23:15 BRST 2016 : Admin logou no Sistema! 
Sun Nov 27 03:23:16 BRST 2016 : Clicou em Consultar Professor
Sun Nov 27 03:23:18 BRST 2016 : Clicou em Iniciar Questoes 
Sun Nov 27 03:25:15 BRST 2016 : Admin logou no Sistema! 
Sun Nov 27 03:25:17 BRST 2016 : Clicou em Iniciar Questoes 
Sun Nov 27 03:26:52 BRST 2016 : Admin logou no Sistema! 
Sun Nov 27 03:26:53 BRST 2016 : Clicou em Iniciar Questoes 
Sun Nov 27 03:36:04 BRST 2016 : Admin logou no Sistema! 
Sun Nov 27 03:36:05 BRST 2016 : Clicou em Iniciar Questoes 
Sun Nov 27 03:37:11 BRST 2016 : Admin logou no Sistema! 
Sun Nov 27 03:37:13 BRST 2016 : Clicou em Consultar Professor
Sun Nov 27 03:41:53 BRST 2016 : Admin logou no Sistema! 
Sun Nov 27 03:41:54 BRST 2016 : Acessou Cadastro de professor 
Sun Nov 27 03:42:10 BRST 2016 : Clicou em Consultar Professor
Sun Nov 27 03:59:57 BRST 2016 : Admin logou no Sistema! 
Sun Nov 27 03:59:59 BRST 2016 : Clicou em Consultar Professor
Sun Nov 27 04:00:15 BRST 2016 : Clicou em Consultar Professor
Sun Nov 27 04:01:16 BRST 2016 : Admin logou no Sistema! 
Sun Nov 27 04:01:19 BRST 2016 : Clicou em Consultar Professor
Sun Nov 27 04:01:54 BRST 2016 : Admin logou no Sistema! 
Sun Nov 27 04:01:56 BRST 2016 : Clicou em Consultar Professor
Sun Nov 27 04:03:47 BRST 2016 : Admin logou no Sistema! 
Sun Nov 27 04:03:49 BRST 2016 : Clicou em Consultar Professor
Sun Nov 27 04:04:04 BRST 2016 : Clicou em Consultar Questoes 
Sun Nov 27 04:04:34 BRST 2016 : Acessou Cadastro de Questões 
Sun Nov 27 04:04:48 BRST 2016 : Clicou em Consultar Questoes 
Sun Nov 27 04:10:32 BRST 2016 : Admin logou no Sistema! 
Sun Nov 27 04:10:34 BRST 2016 : Clicou em Consultar Questoes 
Sun Nov 27 04:10:38 BRST 2016 : Acessou Cadastro de Questões 
Sun Nov 27 04:10:48 BRST 2016 : Clicou em Consultar Questoes 
Sun Nov 27 14:16:59 BRST 2016 : Admin logou no Sistema! 
Sun Nov 27 14:17:51 BRST 2016 : Leoquina logou no Sistema! 
Sun Nov 27 14:18:06 BRST 2016 : Danrlei logou no Sistema! 
Sun Nov 27 14:18:09 BRST 2016 : Acessou o Quiz 
Sun Nov 27 14:20:56 BRST 2016 : Danrlei logou no Sistema! 
Sun Nov 27 14:21:02 BRST 2016 : Admin logou no Sistema! 
Sun Nov 27 14:22:35 BRST 2016 : Admin logou no Sistema! 
Sun Nov 27 14:23:20 BRST 2016 : Admin logou no Sistema! 
Sun Nov 27 14:23:25 BRST 2016 : Admin logou no Sistema! 
Sun Nov 27 14:24:25 BRST 2016 : Admin logou no Sistema! 
Sun Nov 27 14:24:31 BRST 2016 : Admin logou no Sistema! 
Sun Nov 27 14:24:44 BRST 2016 : Admin logou no Sistema! 
Sun Nov 27 14:26:00 BRST 2016 : Admin logou no Sistema! 
Sun Nov 27 14:26:07 BRST 2016 : Admin logou no Sistema! 
Sun Nov 27 14:26:19 BRST 2016 : Admin logou no Sistema! 
Sun Nov 27 14:26:27 BRST 2016 : Admin logou no Sistema! 
Sun Nov 27 14:28:45 BRST 2016 : Admin logou no Sistema! 
Sun Nov 27 14:28:50 BRST 2016 : Admin logou no Sistema! 
Sun Nov 27 14:29:01 BRST 2016 : Admin logou no Sistema! 
Sun Nov 27 14:30:52 BRST 2016 : Admin logou no Sistema! 
Sun Nov 27 14:31:05 BRST 2016 : Admin logou no Sistema! 
Sun Nov 27 14:31:13 BRST 2016 :  logou no Sistema! 
Sun Nov 27 14:32:06 BRST 2016 : Admin logou no Sistema! 
Sun Nov 27 14:36:37 BRST 2016 : Admin logou no Sistema! 
Sun Nov 27 14:36:42 BRST 2016 : a logou no Sistema! 
Sun Nov 27 14:41:09 BRST 2016 : Admin logou no Sistema! 
Sun Nov 27 14:52:48 BRST 2016 : Acessou Cadastro de professor 
Sun Nov 27 14:54:23 BRST 2016 : Clicou em Consultar Professor
Sun Nov 27 14:56:27 BRST 2016 : Admin logou no Sistema! 
Sun Nov 27 14:56:35 BRST 2016 : Admin logou no Sistema! 
Sun Nov 27 14:56:43 BRST 2016 : Admin logou no Sistema! 
Sun Nov 27 14:58:23 BRST 2016 : Admin logou no Sistema! 
Sun Nov 27 15:00:26 BRST 2016 : Admin logou no Sistema! 
Sun Nov 27 15:00:32 BRST 2016 : Clicou em Consultar Professor
Sun Nov 27 15:01:07 BRST 2016 : Clicou em Iniciar Questoes 
Sun Nov 27 15:17:41 BRST 2016 : Admin logou no Sistema! 
Sun Nov 27 15:17:48 BRST 2016 : Acessou o Quiz 
Sun Nov 27 15:24:10 BRST 2016 : Admin logou no Sistema! 
Sun Nov 27 15:24:14 BRST 2016 : Acessou o Quiz 
Sun Nov 27 15:26:20 BRST 2016 : Clicou em Consultar Questoes 
Sun Nov 27 15:27:49 BRST 2016 : Clicou em Consultar Professor
Sun Nov 27 17:56:03 BRST 2016 : Admin logou no Sistema! 
Sun Nov 27 17:56:08 BRST 2016 : Clicou em Consultar Questoes 
Sun Nov 27 18:02:46 BRST 2016 : Admin logou no Sistema! 
Sun Nov 27 18:02:49 BRST 2016 : Clicou em Consultar Questoes 
Sun Nov 27 18:03:39 BRST 2016 : Admin logou no Sistema! 
Sun Nov 27 18:03:42 BRST 2016 : Clicou em Consultar Questoes 
Sun Nov 27 18:11:17 BRST 2016 : Admin logou no Sistema! 
Sun Nov 27 18:11:22 BRST 2016 : Admin logou no Sistema! 
Sun Nov 27 18:11:24 BRST 2016 : Clicou em Consultar Questoes 
Sun Nov 27 18:13:16 BRST 2016 : Admin logou no Sistema! 
Sun Nov 27 18:13:18 BRST 2016 : Clicou em Consultar Questoes 
Sun Nov 27 18:15:39 BRST 2016 : Admin logou no Sistema! 
Sun Nov 27 18:15:41 BRST 2016 : Clicou em Consultar Questoes 
Sun Nov 27 18:20:31 BRST 2016 : Admin logou no Sistema! 
Sun Nov 27 18:20:34 BRST 2016 : Clicou em Consultar Questoes 
Sun Nov 27 18:21:25 BRST 2016 : Admin logou no Sistema! 
Sun Nov 27 18:21:28 BRST 2016 : Clicou em Consultar Questoes 
Sun Nov 27 18:32:42 BRST 2016 : Admin logou no Sistema! 
Sun Nov 27 18:32:44 BRST 2016 : Clicou em Consultar Questoes 
Sun Nov 27 18:33:07 BRST 2016 : Clicou em Iniciar Questoes 
Sun Nov 27 18:33:11 BRST 2016 : Clicou em Sobre 
Sun Nov 27 18:33:15 BRST 2016 : Clicou em Consultar Questoes 
Sun Nov 27 18:33:25 BRST 2016 : Admin logou no Sistema! 
Sun Nov 27 18:34:07 BRST 2016 : Admin logou no Sistema! 
Sun Nov 27 18:34:09 BRST 2016 : Acessou o Quiz 
Sun Nov 27 18:34:17 BRST 2016 : Clicou em Consultar Questoes 
