/*C1*/SET SCHEMA PUBLIC
CONNECT USER SA
DISCONNECT
/*C2*/SET SCHEMA PUBLIC
CONNECT USER SA
DISCONNECT
/*C3*/SET SCHEMA PUBLIC
CONNECT USER SA
DISCONNECT
/*C4*/SET SCHEMA PUBLIC
CONNECT USER SA
DISCONNECT
/*C5*/SET SCHEMA PUBLIC
CONNECT USER SA
DISCONNECT
/*C6*/SET SCHEMA PUBLIC
CONNECT USER SA
DISCONNECT
/*C7*/SET SCHEMA PUBLIC
CONNECT USER SA
DISCONNECT
/*C8*/SET SCHEMA PUBLIC
CONNECT USER SA
DISCONNECT
/*C9*/SET SCHEMA PUBLIC
CONNECT USER SA
DISCONNECT
/*C10*/SET SCHEMA PUBLIC
CONNECT USER SA
SET AUTOCOMMIT FALSE
DELETE FROM QUESTIONS WHERE CODIGO=3
INSERT INTO QUESTIONS VALUES(3,'Correr','Run','Fun','Go','Doll','A')
SET AUTOCOMMIT TRUE
DISCONNECT
/*C11*/SET SCHEMA PUBLIC
CONNECT USER SA
DISCONNECT
/*C12*/SET SCHEMA PUBLIC
CONNECT USER SA
DISCONNECT
/*C13*/SET SCHEMA PUBLIC
CONNECT USER SA
DISCONNECT
/*C14*/SET SCHEMA PUBLIC
CONNECT USER SA
DISCONNECT
/*C15*/SET SCHEMA PUBLIC
CONNECT USER SA
SET AUTOCOMMIT FALSE
DELETE FROM QUESTIONS WHERE CODIGO=5
INSERT INTO QUESTIONS VALUES(5,'Eu','You','He','It','I','D')
SET AUTOCOMMIT TRUE
DISCONNECT
/*C16*/SET SCHEMA PUBLIC
CONNECT USER SA
DISCONNECT
/*C17*/SET SCHEMA PUBLIC
CONNECT USER SA
DISCONNECT
/*C18*/SET SCHEMA PUBLIC
CONNECT USER SA
INSERT INTO QUESTIONS VALUES(6,'Rosa','Red','Pink','Blue','Black','B')
DISCONNECT
/*C19*/SET SCHEMA PUBLIC
CONNECT USER SA
DISCONNECT
/*C20*/SET SCHEMA PUBLIC
CONNECT USER SA
DISCONNECT
/*C21*/SET SCHEMA PUBLIC
CONNECT USER SA
DISCONNECT
/*C22*/SET SCHEMA PUBLIC
CONNECT USER SA
INSERT INTO QUESTIONS VALUES(7,'Azul','Gray','Purple','Sea','Blue','D')
DISCONNECT
/*C23*/SET SCHEMA PUBLIC
CONNECT USER SA
DISCONNECT
/*C24*/SET SCHEMA PUBLIC
CONNECT USER SA
DISCONNECT
/*C25*/SET SCHEMA PUBLIC
CONNECT USER SA
DISCONNECT
/*C26*/SET SCHEMA PUBLIC
CONNECT USER SA
INSERT INTO QUESTIONS VALUES(8,'Gato','Dog','Cat','Dinossaur','Fish','D')
DISCONNECT
/*C27*/SET SCHEMA PUBLIC
CONNECT USER SA
DISCONNECT
/*C28*/SET SCHEMA PUBLIC
CONNECT USER SA
DISCONNECT
/*C29*/SET SCHEMA PUBLIC
CONNECT USER SA
DISCONNECT
/*C30*/SET SCHEMA PUBLIC
CONNECT USER SA
INSERT INTO QUESTIONS VALUES(9,'Fogo','Red','Orange','Fire','Sun','C')
DISCONNECT
/*C31*/SET SCHEMA PUBLIC
CONNECT USER SA
DISCONNECT
/*C32*/SET SCHEMA PUBLIC
CONNECT USER SA
DISCONNECT
/*C33*/SET SCHEMA PUBLIC
CONNECT USER SA
DISCONNECT
/*C34*/SET SCHEMA PUBLIC
CONNECT USER SA
INSERT INTO QUESTIONS VALUES(10,'Jogo','Game','Play','Fight','Float','A')
DISCONNECT
/*C35*/SET SCHEMA PUBLIC
CONNECT USER SA
DISCONNECT
/*C36*/SET SCHEMA PUBLIC
CONNECT USER SA
DISCONNECT
/*C37*/SET SCHEMA PUBLIC
CONNECT USER SA
DISCONNECT
/*C38*/SET SCHEMA PUBLIC
CONNECT USER SA
INSERT INTO QUESTIONS VALUES(11,'Sapatos','Sandals','Shoes','Shirt','Cap','B')
DISCONNECT
/*C39*/SET SCHEMA PUBLIC
CONNECT USER SA
DISCONNECT
/*C40*/SET SCHEMA PUBLIC
CONNECT USER SA
DISCONNECT
/*C41*/SET SCHEMA PUBLIC
CONNECT USER SA
DISCONNECT
/*C42*/SET SCHEMA PUBLIC
CONNECT USER SA
INSERT INTO QUESTIONS VALUES(12,'4','One','Two','Four','Five','C')
DISCONNECT
/*C43*/SET SCHEMA PUBLIC
CONNECT USER SA
DISCONNECT
/*C44*/SET SCHEMA PUBLIC
CONNECT USER SA
DISCONNECT
/*C45*/SET SCHEMA PUBLIC
CONNECT USER SA
DISCONNECT
/*C46*/SET SCHEMA PUBLIC
CONNECT USER SA
INSERT INTO QUESTIONS VALUES(13,'Vermelho','Pink','Orange','Purple','Red','D')
DISCONNECT
/*C47*/SET SCHEMA PUBLIC
CONNECT USER SA
DISCONNECT
/*C48*/SET SCHEMA PUBLIC
CONNECT USER SA
DISCONNECT
/*C49*/SET SCHEMA PUBLIC
CONNECT USER SA
DISCONNECT
/*C50*/SET SCHEMA PUBLIC
CONNECT USER SA
INSERT INTO QUESTIONS VALUES(14,'Rio','River','Ocean','Blue','Sky','A')
DISCONNECT
/*C51*/SET SCHEMA PUBLIC
CONNECT USER SA
DISCONNECT
/*C52*/SET SCHEMA PUBLIC
CONNECT USER SA
DISCONNECT
/*C53*/SET SCHEMA PUBLIC
CONNECT USER SA
DISCONNECT
/*C54*/SET SCHEMA PUBLIC
CONNECT USER SA
INSERT INTO QUESTIONS VALUES(15,'C\u00e9u','Blue','White','Sky','Heaven','C')
DISCONNECT
/*C55*/SET SCHEMA PUBLIC
CONNECT USER SA
DISCONNECT
/*C56*/SET SCHEMA PUBLIC
CONNECT USER SA
DISCONNECT
/*C57*/SET SCHEMA PUBLIC
CONNECT USER SA
DISCONNECT
/*C58*/SET SCHEMA PUBLIC
CONNECT USER SA
INSERT INTO QUESTIONS VALUES(16,'Preto','Black','Pink','Purple','Red','A')
DISCONNECT
/*C59*/SET SCHEMA PUBLIC
CONNECT USER SA
DISCONNECT
/*C60*/SET SCHEMA PUBLIC
CONNECT USER SA
DISCONNECT
/*C61*/SET SCHEMA PUBLIC
CONNECT USER SA
DISCONNECT
/*C62*/SET SCHEMA PUBLIC
CONNECT USER SA
INSERT INTO QUESTIONS VALUES(17,'C\u00e3o','Cat','Dog','Bird','Alligator','D')
DISCONNECT
/*C63*/SET SCHEMA PUBLIC
CONNECT USER SA
DISCONNECT
/*C64*/SET SCHEMA PUBLIC
CONNECT USER SA
DISCONNECT
/*C65*/SET SCHEMA PUBLIC
CONNECT USER SA
DISCONNECT
/*C66*/SET SCHEMA PUBLIC
CONNECT USER SA
SET AUTOCOMMIT FALSE
DELETE FROM QUESTIONS WHERE CODIGO=4
INSERT INTO QUESTIONS VALUES(4,'11','eleven','elven','one one','even','A')
SET AUTOCOMMIT TRUE
DISCONNECT
/*C67*/SET SCHEMA PUBLIC
CONNECT USER SA
DISCONNECT
/*C68*/SET SCHEMA PUBLIC
CONNECT USER SA
DISCONNECT
/*C69*/SET SCHEMA PUBLIC
CONNECT USER SA
DISCONNECT
